2023-04-17T14:55:19.172+05:30  WARN 19080 --- [main] ory$DuplicateJsonObjectContextCustomizer : 

Found multiple occurrences of org.json.JSONObject on the class path:

	jar:file:/C:/Users/pavan/.m2/repository/org/json/json/20160212/json-20160212.jar!/org/json/JSONObject.class
	jar:file:/C:/Users/pavan/.m2/repository/com/vaadin/external/google/android-json/0.0.20131108.vaadin1/android-json-0.0.20131108.vaadin1.jar!/org/json/JSONObject.class

You may wish to exclude one of them to ensure predictable runtime behavior

2023-04-17T14:55:19.603+05:30  INFO 19080 --- [main] o.s.c.c.c.ConfigServerConfigDataLoader   : Fetching config from server at : http://localhost:9000
2023-04-17T14:55:19.611+05:30  INFO 19080 --- [main] o.s.c.c.c.ConfigServerConfigDataLoader   : Connect Timeout Exception on Url - http://localhost:9000. Will try the next url if available
2023-04-17T14:55:19.618+05:30  WARN 19080 --- [main] o.s.c.c.c.ConfigServerConfigDataLoader   : Could not locate PropertySource ([ConfigServerConfigDataResource@55e5415d uris = array<String>['http://localhost:9000'], optional = true, profiles = list['production']]): I/O error on GET request for "http://localhost:9000/g1-allergy-service/production": Connection refused: no further information
2023-04-17T14:55:28.541+05:30  INFO 19080 --- [main] o.s.b.t.m.w.SpringBootMockServletContext : Initializing Spring TestDispatcherServlet ''
2023-04-17T14:55:28.542+05:30  INFO 19080 --- [main] o.s.t.web.servlet.TestDispatcherServlet  : Initializing Servlet ''
2023-04-17T14:55:28.549+05:30  INFO 19080 --- [main] o.s.t.web.servlet.TestDispatcherServlet  : Completed initialization in 6 ms
2023-04-17T14:55:31.711+05:30  WARN 19080 --- [main] ory$DuplicateJsonObjectContextCustomizer : 

Found multiple occurrences of org.json.JSONObject on the class path:

	jar:file:/C:/Users/pavan/.m2/repository/org/json/json/20160212/json-20160212.jar!/org/json/JSONObject.class
	jar:file:/C:/Users/pavan/.m2/repository/com/vaadin/external/google/android-json/0.0.20131108.vaadin1/android-json-0.0.20131108.vaadin1.jar!/org/json/JSONObject.class

You may wish to exclude one of them to ensure predictable runtime behavior

2023-04-17T14:55:31.730+05:30  INFO 19080 --- [main] c.r.i.AlllergyIntegrationTests           : Starting AlllergyIntegrationTests using Java 17.0.6 with PID 19080 (started by pavan in D:\pms-final microservices\rk microservice\g1-allergy-service)
2023-04-17T14:55:31.734+05:30  INFO 19080 --- [main] c.r.i.AlllergyIntegrationTests           : The following 1 profile is active: "production"
2023-04-17T14:55:31.744+05:30  INFO 19080 --- [main] o.s.c.c.c.ConfigServerConfigDataLoader   : Fetching config from server at : http://localhost:9000
2023-04-17T14:55:31.745+05:30  INFO 19080 --- [main] o.s.c.c.c.ConfigServerConfigDataLoader   : Connect Timeout Exception on Url - http://localhost:9000. Will try the next url if available
2023-04-17T14:55:31.746+05:30  WARN 19080 --- [main] o.s.c.c.c.ConfigServerConfigDataLoader   : Could not locate PropertySource ([ConfigServerConfigDataResource@35353b68 uris = array<String>['http://localhost:9000'], optional = true, profiles = list['production']]): I/O error on GET request for "http://localhost:9000/g1-allergy-service/production": Connection refused: no further information
2023-04-17T14:55:35.502+05:30  INFO 19080 --- [main] .s.d.r.c.RepositoryConfigurationDelegate : Bootstrapping Spring Data JPA repositories in DEFAULT mode.
2023-04-17T14:55:35.706+05:30  INFO 19080 --- [main] .s.d.r.c.RepositoryConfigurationDelegate : Finished Spring Data repository scanning in 166 ms. Found 1 JPA repository interfaces.
2023-04-17T14:55:36.237+05:30  INFO 19080 --- [main] o.s.cloud.context.scope.GenericScope     : BeanFactory id=d9343e3c-2836-3d6a-8526-1203ca4b5b4d
2023-04-17T14:55:39.253+05:30  INFO 19080 --- [main] o.s.b.w.embedded.tomcat.TomcatWebServer  : Tomcat initialized with port(s): 0 (http)
2023-04-17T14:55:39.332+05:30  INFO 19080 --- [main] o.apache.catalina.core.StandardService   : Starting service [Tomcat]
2023-04-17T14:55:39.334+05:30  INFO 19080 --- [main] o.apache.catalina.core.StandardEngine    : Starting Servlet engine: [Apache Tomcat/10.1.5]
2023-04-17T14:55:39.845+05:30  INFO 19080 --- [main] o.a.c.c.C.[Tomcat].[localhost].[/]       : Initializing Spring embedded WebApplicationContext
2023-04-17T14:55:39.846+05:30  INFO 19080 --- [main] w.s.c.ServletWebServerApplicationContext : Root WebApplicationContext: initialization completed in 8099 ms
2023-04-17T14:55:43.352+05:30  INFO 19080 --- [main] com.zaxxer.hikari.HikariDataSource       : HikariPool-1 - Starting...
2023-04-17T14:55:47.796+05:30  INFO 19080 --- [main] com.zaxxer.hikari.pool.HikariPool        : HikariPool-1 - Added connection com.mysql.cj.jdbc.ConnectionImpl@ea8c907
2023-04-17T14:55:47.804+05:30  INFO 19080 --- [main] com.zaxxer.hikari.HikariDataSource       : HikariPool-1 - Start completed.
2023-04-17T14:55:48.530+05:30  INFO 19080 --- [main] SQL dialect                              : HHH000400: Using dialect: org.hibernate.dialect.MySQLDialect
2023-04-17T14:55:54.410+05:30  INFO 19080 --- [main] j.LocalContainerEntityManagerFactoryBean : Initialized JPA EntityManagerFactory for persistence unit 'default'
2023-04-17T14:55:57.007+05:30  WARN 19080 --- [main] JpaBaseConfiguration$JpaWebConfiguration : spring.jpa.open-in-view is enabled by default. Therefore, database queries may be performed during view rendering. Explicitly configure spring.jpa.open-in-view to disable this warning
2023-04-17T14:56:11.631+05:30  WARN 19080 --- [main] iguration$LoadBalancerCaffeineWarnLogger : Spring Cloud LoadBalancer is currently working with the default cache. While this cache implementation is useful for development and tests, it's recommended to use Caffeine cache in production.You can switch to using Caffeine cache, by adding it and org.springframework.cache.caffeine.CaffeineCacheManager to the classpath.
2023-04-17T14:56:11.665+05:30  INFO 19080 --- [main] o.s.b.a.e.web.EndpointLinksResolver      : Exposing 18 endpoint(s) beneath base path '/actuator'
2023-04-17T14:56:12.274+05:30  INFO 19080 --- [main] o.s.b.w.embedded.tomcat.TomcatWebServer  : Tomcat started on port(s): 59516 (http) with context path ''
2023-04-17T14:56:12.291+05:30  INFO 19080 --- [main] o.s.c.c.s.ConsulServiceRegistry          : Registering service with consul: NewService{id='g1-allergy-service-0', name='g1-allergy-service', tags=[], address='host.docker.internal', meta={secure=false}, port=59516, enableTagOverride=null, check=Check{script='null', dockerContainerID='null', shell='null', interval='12s', ttl='null', http='http://host.docker.internal:59516/actuator/health', method='null', header={}, tcp='null', timeout='null', deregisterCriticalServiceAfter='null', tlsSkipVerify=null, status='null', grpc='null', grpcUseTLS=null}, checks=null}
2023-04-17T14:56:13.561+05:30  INFO 19080 --- [main] c.r.i.AlllergyIntegrationTests           : Started AlllergyIntegrationTests in 42.517 seconds (process running for 68.668)
2023-04-17T14:56:14.051+05:30  INFO 19080 --- [http-nio-auto-1-exec-1] o.a.c.c.C.[Tomcat].[localhost].[/]       : Initializing Spring DispatcherServlet 'dispatcherServlet'
2023-04-17T14:56:14.051+05:30  INFO 19080 --- [http-nio-auto-1-exec-1] o.s.web.servlet.DispatcherServlet        : Initializing Servlet 'dispatcherServlet'
2023-04-17T14:56:14.056+05:30  INFO 19080 --- [http-nio-auto-1-exec-1] o.s.web.servlet.DispatcherServlet        : Completed initialization in 4 ms
2023-04-17T14:56:18.421+05:30  INFO 19080 --- [main] t.c.s.AnnotationConfigContextLoaderUtils : Could not detect default configuration classes for test class [com.revature.service.test.AllergyServiceTest]: AllergyServiceTest does not declare any static, non-private, non-final, nested classes annotated with @Configuration.
2023-04-17T14:56:18.730+05:30  INFO 19080 --- [main] .b.t.c.SpringBootTestContextBootstrapper : Found @SpringBootConfiguration com.revature.G1AllergyServiceApplication for test class com.revature.service.test.AllergyServiceTest
2023-04-17T14:56:19.634+05:30  WARN 19080 --- [main] ory$DuplicateJsonObjectContextCustomizer : 

Found multiple occurrences of org.json.JSONObject on the class path:

	jar:file:/C:/Users/pavan/.m2/repository/org/json/json/20160212/json-20160212.jar!/org/json/JSONObject.class
	jar:file:/C:/Users/pavan/.m2/repository/com/vaadin/external/google/android-json/0.0.20131108.vaadin1/android-json-0.0.20131108.vaadin1.jar!/org/json/JSONObject.class

You may wish to exclude one of them to ensure predictable runtime behavior

2023-04-17T14:56:19.643+05:30  INFO 19080 --- [main] c.r.service.test.AllergyServiceTest      : Starting AllergyServiceTest using Java 17.0.6 with PID 19080 (started by pavan in D:\pms-final microservices\rk microservice\g1-allergy-service)
2023-04-17T14:56:19.644+05:30  INFO 19080 --- [main] c.r.service.test.AllergyServiceTest      : The following 1 profile is active: "production"
2023-04-17T14:56:19.652+05:30  INFO 19080 --- [main] o.s.c.c.c.ConfigServerConfigDataLoader   : Fetching config from server at : http://localhost:9000
2023-04-17T14:56:19.654+05:30  INFO 19080 --- [main] o.s.c.c.c.ConfigServerConfigDataLoader   : Connect Timeout Exception on Url - http://localhost:9000. Will try the next url if available
2023-04-17T14:56:19.657+05:30  WARN 19080 --- [main] o.s.c.c.c.ConfigServerConfigDataLoader   : Could not locate PropertySource ([ConfigServerConfigDataResource@e09cfd5 uris = array<String>['http://localhost:9000'], optional = true, profiles = list['production']]): I/O error on GET request for "http://localhost:9000/g1-allergy-service/production": Connection refused: no further information
2023-04-17T14:56:23.290+05:30  INFO 19080 --- [main] .s.d.r.c.RepositoryConfigurationDelegate : Bootstrapping Spring Data JPA repositories in DEFAULT mode.
2023-04-17T14:56:23.324+05:30  INFO 19080 --- [main] .s.d.r.c.RepositoryConfigurationDelegate : Finished Spring Data repository scanning in 31 ms. Found 1 JPA repository interfaces.
2023-04-17T14:56:23.518+05:30  INFO 19080 --- [main] o.s.cloud.context.scope.GenericScope     : BeanFactory id=98337464-b4d7-33f1-a78e-57b4cf085423
2023-04-17T14:56:24.129+05:30  INFO 19080 --- [main] com.zaxxer.hikari.HikariDataSource       : HikariPool-2 - Starting...
2023-04-17T14:56:26.646+05:30  INFO 19080 --- [main] com.zaxxer.hikari.pool.HikariPool        : HikariPool-2 - Added connection com.mysql.cj.jdbc.ConnectionImpl@74f39ad3
2023-04-17T14:56:26.647+05:30  INFO 19080 --- [main] com.zaxxer.hikari.HikariDataSource       : HikariPool-2 - Start completed.
2023-04-17T14:56:26.924+05:30  INFO 19080 --- [main] SQL dialect                              : HHH000400: Using dialect: org.hibernate.dialect.MySQLDialect
2023-04-17T14:56:29.205+05:30  INFO 19080 --- [main] j.LocalContainerEntityManagerFactoryBean : Initialized JPA EntityManagerFactory for persistence unit 'default'
2023-04-17T14:56:29.787+05:30  WARN 19080 --- [main] JpaBaseConfiguration$JpaWebConfiguration : spring.jpa.open-in-view is enabled by default. Therefore, database queries may be performed during view rendering. Explicitly configure spring.jpa.open-in-view to disable this warning
2023-04-17T14:56:40.814+05:30  WARN 19080 --- [main] iguration$LoadBalancerCaffeineWarnLogger : Spring Cloud LoadBalancer is currently working with the default cache. While this cache implementation is useful for development and tests, it's recommended to use Caffeine cache in production.You can switch to using Caffeine cache, by adding it and org.springframework.cache.caffeine.CaffeineCacheManager to the classpath.
2023-04-17T14:56:40.859+05:30  INFO 19080 --- [main] o.s.b.a.e.web.EndpointLinksResolver      : Exposing 18 endpoint(s) beneath base path '/actuator'
2023-04-17T14:56:41.040+05:30  INFO 19080 --- [main] c.r.service.test.AllergyServiceTest      : Started AllergyServiceTest in 22.298 seconds (process running for 96.147)
2023-04-17T14:56:42.051+05:30  INFO 19080 --- [SpringApplicationShutdownHook] o.s.c.c.s.ConsulServiceRegistry          : Deregistering service with consul: g1-allergy-service-0
2023-04-17T14:56:42.766+05:30  INFO 19080 --- [SpringApplicationShutdownHook] j.LocalContainerEntityManagerFactoryBean : Closing JPA EntityManagerFactory for persistence unit 'default'
2023-04-17T14:56:44.110+05:30  INFO 19080 --- [SpringApplicationShutdownHook] com.zaxxer.hikari.HikariDataSource       : HikariPool-1 - Shutdown initiated...
2023-04-17T14:56:46.431+05:30  INFO 19080 --- [SpringApplicationShutdownHook] com.zaxxer.hikari.HikariDataSource       : HikariPool-1 - Shutdown completed.
2023-04-17T14:56:46.444+05:30  INFO 19080 --- [SpringApplicationShutdownHook] j.LocalContainerEntityManagerFactoryBean : Closing JPA EntityManagerFactory for persistence unit 'default'
2023-04-17T14:56:47.887+05:30  INFO 19080 --- [SpringApplicationShutdownHook] com.zaxxer.hikari.HikariDataSource       : HikariPool-2 - Shutdown initiated...
2023-04-17T14:56:50.341+05:30  INFO 19080 --- [SpringApplicationShutdownHook] com.zaxxer.hikari.HikariDataSource       : HikariPool-2 - Shutdown completed.
2023-04-17T14:57:45.357+05:30  INFO 23028 --- [restartedMain] c.revature.G1AllergyServiceApplication   : Starting G1AllergyServiceApplication using Java 17.0.6 with PID 23028 (D:\pms-final microservices\rk microservice\g1-allergy-service\target\classes started by pavan in D:\pms-final microservices\rk microservice\g1-allergy-service)
2023-04-17T14:57:45.364+05:30  INFO 23028 --- [restartedMain] c.revature.G1AllergyServiceApplication   : The following 1 profile is active: "production"
2023-04-17T14:57:45.490+05:30  INFO 23028 --- [restartedMain] o.s.c.c.c.ConfigServerConfigDataLoader   : Fetching config from server at : http://localhost:9000
2023-04-17T14:57:45.491+05:30  INFO 23028 --- [restartedMain] o.s.c.c.c.ConfigServerConfigDataLoader   : Connect Timeout Exception on Url - http://localhost:9000. Will try the next url if available
2023-04-17T14:57:45.492+05:30  WARN 23028 --- [restartedMain] o.s.c.c.c.ConfigServerConfigDataLoader   : Could not locate PropertySource ([ConfigServerConfigDataResource@e88c44a uris = array<String>['http://localhost:9000'], optional = true, profiles = list['production']]): I/O error on GET request for "http://localhost:9000/g1-allergy-service/production": Connection refused: no further information
2023-04-17T14:57:45.497+05:30  INFO 23028 --- [restartedMain] .e.DevToolsPropertyDefaultsPostProcessor : For additional web related logging consider setting the 'logging.level.web' property to 'DEBUG'
2023-04-17T14:57:48.568+05:30  INFO 23028 --- [restartedMain] .s.d.r.c.RepositoryConfigurationDelegate : Bootstrapping Spring Data JPA repositories in DEFAULT mode.
2023-04-17T14:57:48.903+05:30  INFO 23028 --- [restartedMain] .s.d.r.c.RepositoryConfigurationDelegate : Finished Spring Data repository scanning in 316 ms. Found 1 JPA repository interfaces.
2023-04-17T14:57:49.463+05:30  INFO 23028 --- [restartedMain] o.s.cloud.context.scope.GenericScope     : BeanFactory id=0789efe3-096d-34ba-9bc9-89f5e9a7348e
2023-04-17T14:57:51.200+05:30  INFO 23028 --- [restartedMain] o.s.b.w.embedded.tomcat.TomcatWebServer  : Tomcat initialized with port(s): 9002 (http)
2023-04-17T14:57:51.229+05:30  INFO 23028 --- [restartedMain] o.apache.catalina.core.StandardService   : Starting service [Tomcat]
2023-04-17T14:57:51.231+05:30  INFO 23028 --- [restartedMain] o.apache.catalina.core.StandardEngine    : Starting Servlet engine: [Apache Tomcat/10.1.5]
2023-04-17T14:57:51.528+05:30  INFO 23028 --- [restartedMain] o.a.c.c.C.[Tomcat].[localhost].[/]       : Initializing Spring embedded WebApplicationContext
2023-04-17T14:57:51.529+05:30  INFO 23028 --- [restartedMain] w.s.c.ServletWebServerApplicationContext : Root WebApplicationContext: initialization completed in 6031 ms
2023-04-17T14:57:53.761+05:30  INFO 23028 --- [restartedMain] com.zaxxer.hikari.HikariDataSource       : HikariPool-1 - Starting...
2023-04-17T14:57:57.663+05:30  INFO 23028 --- [restartedMain] com.zaxxer.hikari.pool.HikariPool        : HikariPool-1 - Added connection com.mysql.cj.jdbc.ConnectionImpl@2d25efe9
2023-04-17T14:57:57.670+05:30  INFO 23028 --- [restartedMain] com.zaxxer.hikari.HikariDataSource       : HikariPool-1 - Start completed.
2023-04-17T14:57:58.331+05:30  INFO 23028 --- [restartedMain] SQL dialect                              : HHH000400: Using dialect: org.hibernate.dialect.MySQLDialect
2023-04-17T14:58:03.898+05:30  INFO 23028 --- [restartedMain] j.LocalContainerEntityManagerFactoryBean : Initialized JPA EntityManagerFactory for persistence unit 'default'
2023-04-17T14:58:06.004+05:30  WARN 23028 --- [restartedMain] JpaBaseConfiguration$JpaWebConfiguration : spring.jpa.open-in-view is enabled by default. Therefore, database queries may be performed during view rendering. Explicitly configure spring.jpa.open-in-view to disable this warning
2023-04-17T14:58:15.966+05:30  WARN 23028 --- [restartedMain] o.s.b.d.a.OptionalLiveReloadServer       : Unable to start LiveReload server
2023-04-17T14:58:16.681+05:30  WARN 23028 --- [restartedMain] iguration$LoadBalancerCaffeineWarnLogger : Spring Cloud LoadBalancer is currently working with the default cache. While this cache implementation is useful for development and tests, it's recommended to use Caffeine cache in production.You can switch to using Caffeine cache, by adding it and org.springframework.cache.caffeine.CaffeineCacheManager to the classpath.
2023-04-17T14:58:16.713+05:30  INFO 23028 --- [restartedMain] o.s.b.a.e.web.EndpointLinksResolver      : Exposing 19 endpoint(s) beneath base path '/actuator'
2023-04-17T14:58:17.112+05:30  WARN 23028 --- [restartedMain] ConfigServletWebServerApplicationContext : Exception encountered during context initialization - cancelling refresh attempt: org.springframework.context.ApplicationContextException: Failed to start bean 'webServerStartStop'
2023-04-17T14:58:17.139+05:30  INFO 23028 --- [restartedMain] j.LocalContainerEntityManagerFactoryBean : Closing JPA EntityManagerFactory for persistence unit 'default'
2023-04-17T14:58:18.421+05:30  INFO 23028 --- [restartedMain] com.zaxxer.hikari.HikariDataSource       : HikariPool-1 - Shutdown initiated...
2023-04-17T14:58:20.719+05:30  INFO 23028 --- [restartedMain] com.zaxxer.hikari.HikariDataSource       : HikariPool-1 - Shutdown completed.
2023-04-17T14:58:20.728+05:30  INFO 23028 --- [restartedMain] o.apache.catalina.core.StandardService   : Stopping service [Tomcat]
2023-04-17T14:58:20.804+05:30  INFO 23028 --- [restartedMain] .s.b.a.l.ConditionEvaluationReportLogger : 

Error starting ApplicationContext. To display the condition evaluation report re-run your application with 'debug' enabled.
2023-04-17T14:58:20.876+05:30 ERROR 23028 --- [restartedMain] o.s.b.d.LoggingFailureAnalysisReporter   : 

***************************
APPLICATION FAILED TO START
***************************

Description:

Web server failed to start. Port 9002 was already in use.

Action:

Identify and stop the process that's listening on port 9002 or configure this application to listen on another port.

2023-04-17T15:01:41.784+05:30  INFO 6960 --- [restartedMain] c.revature.G1AllergyServiceApplication   : Starting G1AllergyServiceApplication using Java 17.0.6 with PID 6960 (D:\pms-final microservices\rk microservice\g1-allergy-service\target\classes started by pavan in D:\pms-final microservices\rk microservice\g1-allergy-service)
2023-04-17T15:01:41.796+05:30  INFO 6960 --- [restartedMain] c.revature.G1AllergyServiceApplication   : The following 1 profile is active: "production"
2023-04-17T15:01:41.939+05:30  INFO 6960 --- [restartedMain] o.s.c.c.c.ConfigServerConfigDataLoader   : Fetching config from server at : http://localhost:9000
2023-04-17T15:01:41.939+05:30  INFO 6960 --- [restartedMain] o.s.c.c.c.ConfigServerConfigDataLoader   : Connect Timeout Exception on Url - http://localhost:9000. Will try the next url if available
2023-04-17T15:01:41.940+05:30  WARN 6960 --- [restartedMain] o.s.c.c.c.ConfigServerConfigDataLoader   : Could not locate PropertySource ([ConfigServerConfigDataResource@202c64c7 uris = array<String>['http://localhost:9000'], optional = true, profiles = list['production']]): I/O error on GET request for "http://localhost:9000/g1-allergy-service/production": Connection refused: no further information
2023-04-17T15:01:41.946+05:30  INFO 6960 --- [restartedMain] .e.DevToolsPropertyDefaultsPostProcessor : For additional web related logging consider setting the 'logging.level.web' property to 'DEBUG'
2023-04-17T15:01:44.677+05:30  INFO 6960 --- [restartedMain] .s.d.r.c.RepositoryConfigurationDelegate : Bootstrapping Spring Data JPA repositories in DEFAULT mode.
2023-04-17T15:01:45.000+05:30  INFO 6960 --- [restartedMain] .s.d.r.c.RepositoryConfigurationDelegate : Finished Spring Data repository scanning in 299 ms. Found 1 JPA repository interfaces.
2023-04-17T15:01:45.656+05:30  INFO 6960 --- [restartedMain] o.s.cloud.context.scope.GenericScope     : BeanFactory id=0789efe3-096d-34ba-9bc9-89f5e9a7348e
2023-04-17T15:01:47.076+05:30  INFO 6960 --- [restartedMain] o.s.b.w.embedded.tomcat.TomcatWebServer  : Tomcat initialized with port(s): 9002 (http)
2023-04-17T15:01:47.106+05:30  INFO 6960 --- [restartedMain] o.apache.catalina.core.StandardService   : Starting service [Tomcat]
2023-04-17T15:01:47.108+05:30  INFO 6960 --- [restartedMain] o.apache.catalina.core.StandardEngine    : Starting Servlet engine: [Apache Tomcat/10.1.5]
2023-04-17T15:01:47.452+05:30  INFO 6960 --- [restartedMain] o.a.c.c.C.[Tomcat].[localhost].[/]       : Initializing Spring embedded WebApplicationContext
2023-04-17T15:01:47.454+05:30  INFO 6960 --- [restartedMain] w.s.c.ServletWebServerApplicationContext : Root WebApplicationContext: initialization completed in 5505 ms
2023-04-17T15:01:48.884+05:30  INFO 6960 --- [restartedMain] com.zaxxer.hikari.HikariDataSource       : HikariPool-1 - Starting...
2023-04-17T15:01:53.052+05:30  INFO 6960 --- [restartedMain] com.zaxxer.hikari.pool.HikariPool        : HikariPool-1 - Added connection com.mysql.cj.jdbc.ConnectionImpl@10e465c9
2023-04-17T15:01:53.064+05:30  INFO 6960 --- [restartedMain] com.zaxxer.hikari.HikariDataSource       : HikariPool-1 - Start completed.
2023-04-17T15:01:53.747+05:30  INFO 6960 --- [restartedMain] SQL dialect                              : HHH000400: Using dialect: org.hibernate.dialect.MySQLDialect
2023-04-17T15:01:59.103+05:30  INFO 6960 --- [restartedMain] j.LocalContainerEntityManagerFactoryBean : Initialized JPA EntityManagerFactory for persistence unit 'default'
2023-04-17T15:02:00.316+05:30  WARN 6960 --- [restartedMain] JpaBaseConfiguration$JpaWebConfiguration : spring.jpa.open-in-view is enabled by default. Therefore, database queries may be performed during view rendering. Explicitly configure spring.jpa.open-in-view to disable this warning
2023-04-17T15:02:09.387+05:30  INFO 6960 --- [restartedMain] o.s.b.d.a.OptionalLiveReloadServer       : LiveReload server is running on port 35729
2023-04-17T15:02:09.911+05:30  WARN 6960 --- [restartedMain] iguration$LoadBalancerCaffeineWarnLogger : Spring Cloud LoadBalancer is currently working with the default cache. While this cache implementation is useful for development and tests, it's recommended to use Caffeine cache in production.You can switch to using Caffeine cache, by adding it and org.springframework.cache.caffeine.CaffeineCacheManager to the classpath.
2023-04-17T15:02:09.929+05:30  INFO 6960 --- [restartedMain] o.s.b.a.e.web.EndpointLinksResolver      : Exposing 19 endpoint(s) beneath base path '/actuator'
2023-04-17T15:02:10.234+05:30  INFO 6960 --- [restartedMain] o.s.b.w.embedded.tomcat.TomcatWebServer  : Tomcat started on port(s): 9002 (http) with context path ''
2023-04-17T15:02:10.246+05:30  INFO 6960 --- [restartedMain] o.s.c.c.s.ConsulServiceRegistry          : Registering service with consul: NewService{id='g1-allergy-service-9002', name='g1-allergy-service', tags=[], address='host.docker.internal', meta={secure=false}, port=9002, enableTagOverride=null, check=Check{script='null', dockerContainerID='null', shell='null', interval='12s', ttl='null', http='http://host.docker.internal:9002/actuator/health', method='null', header={}, tcp='null', timeout='null', deregisterCriticalServiceAfter='null', tlsSkipVerify=null, status='null', grpc='null', grpcUseTLS=null}, checks=null}
2023-04-17T15:02:10.615+05:30  INFO 6960 --- [restartedMain] c.revature.G1AllergyServiceApplication   : Started G1AllergyServiceApplication in 31.16 seconds (process running for 33.962)
2023-04-17T15:02:16.618+05:30  INFO 6960 --- [http-nio-9002-exec-1] o.a.c.c.C.[Tomcat].[localhost].[/]       : Initializing Spring DispatcherServlet 'dispatcherServlet'
2023-04-17T15:02:16.619+05:30  INFO 6960 --- [http-nio-9002-exec-1] o.s.web.servlet.DispatcherServlet        : Initializing Servlet 'dispatcherServlet'
2023-04-17T15:02:16.626+05:30  INFO 6960 --- [http-nio-9002-exec-1] o.s.web.servlet.DispatcherServlet        : Completed initialization in 5 ms
2023-04-17T15:39:07.246+05:30  INFO 6960 --- [File Watcher] rtingClassPathChangeChangedEventListener : Restarting due to 1 class path change (1 addition, 0 deletions, 0 modifications)
2023-04-17T15:40:10.296+05:30  INFO 6960 --- [Thread-7] o.apache.catalina.core.StandardService   : Stopping service [Tomcat]
2023-04-17T15:40:16.074+05:30  INFO 6960 --- [Thread-7] o.a.c.c.C.[Tomcat].[localhost].[/]       : Destroying Spring FrameworkServlet 'dispatcherServlet'
2023-04-17T15:40:55.003+05:30  WARN 6960 --- [Thread-7] org.apache.tomcat.util.net.NioEndpoint   : The pollers did not stop within the expected time
2023-04-17T15:41:05.360+05:30  INFO 6960 --- [Thread-7] o.s.c.c.s.ConsulServiceRegistry          : Deregistering service with consul: g1-allergy-service-9002
2023-04-17T15:41:17.481+05:30  INFO 6960 --- [Thread-7] j.LocalContainerEntityManagerFactoryBean : Closing JPA EntityManagerFactory for persistence unit 'default'
2023-04-17T15:42:13.369+05:30  INFO 6960 --- [Thread-7] com.zaxxer.hikari.HikariDataSource       : HikariPool-1 - Shutdown initiated...
2023-04-17T15:42:29.911+05:30  INFO 6960 --- [Thread-7] com.zaxxer.hikari.HikariDataSource       : HikariPool-1 - Shutdown completed.
2023-04-17T15:44:08.427+05:30 ERROR 6960 --- [restartedMain] o.s.b.d.LoggingFailureAnalysisReporter   : 

***************************
APPLICATION FAILED TO START
***************************

Description:

No spring.config.import property has been defined

Action:

Add a spring.config.import=consul: property to your configuration.
	If configuration is not required add spring.config.import=optional:consul: instead.
	To disable this check, set spring.cloud.consul.config.enabled=false or 
	spring.cloud.consul.config.import-check.enabled=false.

2023-04-17T15:44:11.691+05:30 ERROR 6960 --- [restartedMain] o.s.b.d.LoggingFailureAnalysisReporter   : 

***************************
APPLICATION FAILED TO START
***************************

Description:

No spring.config.import property has been defined

Action:

Add a spring.config.import=consul: property to your configuration.
	If configuration is not required add spring.config.import=optional:consul: instead.
	To disable this check, set spring.cloud.consul.config.enabled=false or 
	spring.cloud.consul.config.import-check.enabled=false.

